# JRE version: Java(TM) SE Runtime Environment (8.0_162-b12) (build 1.8.0_162-b12)
# Java VM: Java HotSpot(TM) 64-Bit Server VM (25.162-b12 mixed mode windows-amd64 compressed oops)
Heap:
 PSYoungGen      total 34816K, used 1825K [0x00000000ec100000, 0x00000000eea00000, 0x0000000100000000)
  eden space 29184K, 0% used [0x00000000ec100000,0x00000000ec100000,0x00000000edd80000)
  from space 5632K, 32% used [0x00000000ee380000,0x00000000ee5487a8,0x00000000ee900000)
  to   space 6144K, 0% used [0x00000000edd80000,0x00000000edd80000,0x00000000ee380000)
 ParOldGen       total 40960K, used 9096K [0x00000000c4200000, 0x00000000c6a00000, 0x00000000ec100000)
  object space 40960K, 22% used [0x00000000c4200000,0x00000000c4ae22f0,0x00000000c6a00000)
 Metaspace       used 20671K, capacity 21172K, committed 21248K, reserved 1067008K
  class space    used 2637K, capacity 2794K, committed 2816K, reserved 1048576K
GC Heap History (10 events):
Event: 4.441 GC heap after
Heap after GC invocations=4 (full 0):
 PSYoungGen      total 17920K, used 2536K [0x00000000ec100000, 0x00000000ee400000, 0x0000000100000000)
  eden space 15360K, 0% used [0x00000000ec100000,0x00000000ec100000,0x00000000ed000000)
  from space 2560K, 99% used [0x00000000ed280000,0x00000000ed4fa050,0x00000000ed500000)
  to   space 2560K, 0% used [0x00000000ed000000,0x00000000ed000000,0x00000000ed280000)
 ParOldGen       total 40960K, used 5463K [0x00000000c4200000, 0x00000000c6a00000, 0x00000000ec100000)
  object space 40960K, 13% used [0x00000000c4200000,0x00000000c4755dd0,0x00000000c6a00000)
 Metaspace       used 14889K, capacity 15282K, committed 15616K, reserved 1062912K
  class space    used 1824K, capacity 1975K, committed 2048K, reserved 1048576K
}
Event: 15.132 GC heap before
{Heap before GC invocations=5 (full 0):
 PSYoungGen      total 17920K, used 17896K [0x00000000ec100000, 0x00000000ee400000, 0x0000000100000000)
  eden space 15360K, 100% used [0x00000000ec100000,0x00000000ed000000,0x00000000ed000000)
  from space 2560K, 99% used [0x00000000ed280000,0x00000000ed4fa050,0x00000000ed500000)
  to   space 2560K, 0% used [0x00000000ed000000,0x00000000ed000000,0x00000000ed280000)
 ParOldGen       total 40960K, used 5463K [0x00000000c4200000, 0x00000000c6a00000, 0x00000000ec100000)
  object space 40960K, 13% used [0x00000000c4200000,0x00000000c4755dd0,0x00000000c6a00000)
 Metaspace       used 16901K, capacity 17342K, committed 17408K, reserved 1064960K
  class space    used 2149K, capacity 2297K, committed 2304K, reserved 1048576K
Event: 15.140 GC heap after
Heap after GC invocations=5 (full 0):
 PSYoungGen      total 17920K, used 2528K [0x00000000ec100000, 0x00000000edb00000, 0x0000000100000000)
  eden space 15360K, 0% used [0x00000000ec100000,0x00000000ec100000,0x00000000ed000000)
  from space 2560K, 98% used [0x00000000ed000000,0x00000000ed2782f8,0x00000000ed280000)
  to   space 5632K, 0% used [0x00000000ed580000,0x00000000ed580000,0x00000000edb00000)
 ParOldGen       total 40960K, used 7009K [0x00000000c4200000, 0x00000000c6a00000, 0x00000000ec100000)
  object space 40960K, 17% used [0x00000000c4200000,0x00000000c48d8740,0x00000000c6a00000)
 Metaspace       used 16901K, capacity 17342K, committed 17408K, reserved 1064960K
  class space    used 2149K, capacity 2297K, committed 2304K, reserved 1048576K
}
Event: 15.662 GC heap before
{Heap before GC invocations=6 (full 0):
 PSYoungGen      total 17920K, used 17888K [0x00000000ec100000, 0x00000000edb00000, 0x0000000100000000)
  eden space 15360K, 100% used [0x00000000ec100000,0x00000000ed000000,0x00000000ed000000)
  from space 2560K, 98% used [0x00000000ed000000,0x00000000ed2782f8,0x00000000ed280000)
  to   space 5632K, 0% used [0x00000000ed580000,0x00000000ed580000,0x00000000edb00000)
 ParOldGen       total 40960K, used 7009K [0x00000000c4200000, 0x00000000c6a00000, 0x00000000ec100000)
  object space 40960K, 17% used [0x00000000c4200000,0x00000000c48d8740,0x00000000c6a00000)
 Metaspace       used 18945K, capacity 19450K, committed 19840K, reserved 1067008K
  class space    used 2407K, capacity 2571K, committed 2688K, reserved 1048576K
Event: 15.671 GC heap after
Heap after GC invocations=6 (full 0):
 PSYoungGen      total 20480K, used 4781K [0x00000000ec100000, 0x00000000edc00000, 0x0000000100000000)
  eden space 14848K, 0% used [0x00000000ec100000,0x00000000ec100000,0x00000000ecf80000)
  from space 5632K, 84% used [0x00000000ed580000,0x00000000eda2b7e0,0x00000000edb00000)
  to   space 6144K, 0% used [0x00000000ecf80000,0x00000000ecf80000,0x00000000ed580000)
 ParOldGen       total 40960K, used 7017K [0x00000000c4200000, 0x00000000c6a00000, 0x00000000ec100000)
  object space 40960K, 17% used [0x00000000c4200000,0x00000000c48da740,0x00000000c6a00000)
 Metaspace       used 18945K, capacity 19450K, committed 19840K, reserved 1067008K
  class space    used 2407K, capacity 2571K, committed 2688K, reserved 1048576K
}
Event: 16.112 GC heap before
{Heap before GC invocations=7 (full 0):
 PSYoungGen      total 20480K, used 19629K [0x00000000ec100000, 0x00000000edc00000, 0x0000000100000000)
  eden space 14848K, 100% used [0x00000000ec100000,0x00000000ecf80000,0x00000000ecf80000)
  from space 5632K, 84% used [0x00000000ed580000,0x00000000eda2b7e0,0x00000000edb00000)
  to   space 6144K, 0% used [0x00000000ecf80000,0x00000000ecf80000,0x00000000ed580000)
 ParOldGen       total 40960K, used 7017K [0x00000000c4200000, 0x00000000c6a00000, 0x00000000ec100000)
  object space 40960K, 17% used [0x00000000c4200000,0x00000000c48da740,0x00000000c6a00000)
 Metaspace       used 20430K, capacity 21000K, committed 21248K, reserved 1067008K
  class space    used 2602K, capacity 2758K, committed 2816K, reserved 1048576K
Event: 16.123 GC heap after
Heap after GC invocations=7 (full 0):
 PSYoungGen      total 20992K, used 3539K [0x00000000ec100000, 0x00000000ee900000, 0x0000000100000000)
  eden space 14848K, 0% used [0x00000000ec100000,0x00000000ec100000,0x00000000ecf80000)
  from space 6144K, 57% used [0x00000000ecf80000,0x00000000ed2f4fb8,0x00000000ed580000)
  to   space 5632K, 0% used [0x00000000ee380000,0x00000000ee380000,0x00000000ee900000)
 ParOldGen       total 40960K, used 8112K [0x00000000c4200000, 0x00000000c6a00000, 0x00000000ec100000)
  object space 40960K, 19% used [0x00000000c4200000,0x00000000c49ec2e0,0x00000000c6a00000)
 Metaspace       used 20430K, capacity 21000K, committed 21248K, reserved 1067008K
  class space    used 2602K, capacity 2758K, committed 2816K, reserved 1048576K
}
Event: 16.196 GC heap before
{Heap before GC invocations=8 (full 0):
 PSYoungGen      total 20992K, used 6521K [0x00000000ec100000, 0x00000000ee900000, 0x0000000100000000)
  eden space 14848K, 20% used [0x00000000ec100000,0x00000000ec3e94a0,0x00000000ecf80000)
  from space 6144K, 57% used [0x00000000ecf80000,0x00000000ed2f4fb8,0x00000000ed580000)
  to   space 5632K, 0% used [0x00000000ee380000,0x00000000ee380000,0x00000000ee900000)
 ParOldGen       total 40960K, used 8112K [0x00000000c4200000, 0x00000000c6a00000, 0x00000000ec100000)
  object space 40960K, 19% used [0x00000000c4200000,0x00000000c49ec2e0,0x00000000c6a00000)
 Metaspace       used 20671K, capacity 21172K, committed 21248K, reserved 1067008K
  class space    used 2637K, capacity 2794K, committed 2816K, reserved 1048576K
Event: 16.202 GC heap after
Heap after GC invocations=8 (full 0):
 PSYoungGen      total 34816K, used 1825K [0x00000000ec100000, 0x00000000eea00000, 0x0000000100000000)
  eden space 29184K, 0% used [0x00000000ec100000,0x00000000ec100000,0x00000000edd80000)
  from space 5632K, 32% used [0x00000000ee380000,0x00000000ee5487a8,0x00000000ee900000)
  to   space 6144K, 0% used [0x00000000edd80000,0x00000000edd80000,0x00000000ee380000)
 ParOldGen       total 40960K, used 9096K [0x00000000c4200000, 0x00000000c6a00000, 0x00000000ec100000)
  object space 40960K, 22% used [0x00000000c4200000,0x00000000c4ae22f0,0x00000000c6a00000)
 Metaspace       used 20671K, capacity 21172K, committed 21248K, reserved 1067008K
  class space    used 2637K, capacity 2794K, committed 2816K, reserved 1048576K
}
Event: 16.202 GC heap before
{Heap before GC invocations=9 (full 1):
 PSYoungGen      total 34816K, used 1825K [0x00000000ec100000, 0x00000000eea00000, 0x0000000100000000)
  eden space 29184K, 0% used [0x00000000ec100000,0x00000000ec100000,0x00000000edd80000)
  from space 5632K, 32% used [0x00000000ee380000,0x00000000ee5487a8,0x00000000ee900000)
  to   space 6144K, 0% used [0x00000000edd80000,0x00000000edd80000,0x00000000ee380000)
 ParOldGen       total 40960K, used 9096K [0x00000000c4200000, 0x00000000c6a00000, 0x00000000ec100000)
  object space 40960K, 22% used [0x00000000c4200000,0x00000000c4ae22f0,0x00000000c6a00000)
 Metaspace       used 20671K, capacity 21172K, committed 21248K, reserved 1067008K
  class space    used 2637K, capacity 2794K, committed 2816K, reserved 1048576K

